0 info it worked if it ends with ok
1 verbose cli [ 'C:\\Program Files\\nodejs\\node.exe',
1 verbose cli   'C:\\Program Files\\nodejs\\node_modules\\npm\\bin\\npm-cli.js',
1 verbose cli   'publish' ]
2 info using npm@3.10.10
3 info using node@v6.9.5
4 verbose publish [ '.' ]
5 silly cache add args [ '.', null ]
6 verbose cache add spec .
7 silly cache add parsed spec Result {
7 silly cache add   raw: '.',
7 silly cache add   scope: null,
7 silly cache add   escapedName: null,
7 silly cache add   name: null,
7 silly cache add   rawSpec: '.',
7 silly cache add   spec: 'C:\\Users\\Anish\\Desktop\\Brackets\\Node-js',
7 silly cache add   type: 'directory' }
8 verbose addLocalDirectory C:\Users\Anish\AppData\Roaming\npm-cache\Node-js\1.0.0\package.tgz not in flight; packing
9 verbose correctMkdir C:\Users\Anish\AppData\Roaming\npm-cache correctMkdir not in flight; initializing
10 info lifecycle Node-js@1.0.0~prepublish: Node-js@1.0.0
11 silly lifecycle Node-js@1.0.0~prepublish: no script for prepublish, continuing
12 verbose tar pack [ 'C:\\Users\\Anish\\AppData\\Roaming\\npm-cache\\Node-js\\1.0.0\\package.tgz',
12 verbose tar pack   'C:\\Users\\Anish\\Desktop\\Brackets\\Node-js' ]
13 verbose tarball C:\Users\Anish\AppData\Roaming\npm-cache\Node-js\1.0.0\package.tgz
14 verbose folder C:\Users\Anish\Desktop\Brackets\Node-js
15 verbose addLocalTarball adding from inside cache C:\Users\Anish\AppData\Roaming\npm-cache\Node-js\1.0.0\package.tgz
16 verbose correctMkdir C:\Users\Anish\AppData\Roaming\npm-cache correctMkdir not in flight; initializing
17 silly cache afterAdd Node-js@1.0.0
18 verbose afterAdd C:\Users\Anish\AppData\Roaming\npm-cache\Node-js\1.0.0\package\package.json not in flight; writing
19 verbose correctMkdir C:\Users\Anish\AppData\Roaming\npm-cache correctMkdir not in flight; initializing
20 verbose afterAdd C:\Users\Anish\AppData\Roaming\npm-cache\Node-js\1.0.0\package\package.json written
21 silly publish { name: 'Node-js',
21 silly publish   version: '1.0.0',
21 silly publish   description: '',
21 silly publish   main: 'main.js',
21 silly publish   dependencies: { calculator: '^0.1.12', express: '^4.14.1' },
21 silly publish   devDependencies: {},
21 silly publish   scripts: { test: 'echo "Error: no test specified" && exit 1' },
21 silly publish   repository:
21 silly publish    { type: 'git',
21 silly publish      url: 'git+https://github.com/kumaranish8888/Node-js.git' },
21 silly publish   keywords: [],
21 silly publish   author: '',
21 silly publish   license: 'ISC',
21 silly publish   bugs: { url: 'https://github.com/kumaranish8888/Node-js/issues' },
21 silly publish   homepage: 'https://github.com/kumaranish8888/Node-js#readme',
21 silly publish   readme: '# Node-js',
21 silly publish   readmeFilename: 'README.md',
21 silly publish   gitHead: '2f56fe38715b50c6dd485a499ea969dcce8b2a0b',
21 silly publish   _id: 'Node-js@1.0.0',
21 silly publish   _shasum: 'e1b542945b2739f0fa1c4d8c468a929872a1e606',
21 silly publish   _from: '.' }
22 verbose getPublishConfig undefined
23 silly mapToRegistry name Node-js
24 silly mapToRegistry using default registry
25 silly mapToRegistry registry https://registry.npmjs.org/
26 silly mapToRegistry data Result {
26 silly mapToRegistry   raw: 'Node-js',
26 silly mapToRegistry   scope: null,
26 silly mapToRegistry   escapedName: 'Node-js',
26 silly mapToRegistry   name: 'Node-js',
26 silly mapToRegistry   rawSpec: '',
26 silly mapToRegistry   spec: 'latest',
26 silly mapToRegistry   type: 'tag' }
27 silly mapToRegistry uri https://registry.npmjs.org/Node-js
28 verbose publish registryBase https://registry.npmjs.org/
29 silly publish uploading C:\Users\Anish\AppData\Roaming\npm-cache\Node-js\1.0.0\package.tgz
30 verbose request uri https://registry.npmjs.org/Node-js
31 verbose request sending authorization for write operation
32 info attempt registry request try #1 at 7:43:36 PM
33 verbose request using bearer token for auth
34 verbose request id 899fa3054afccd90
35 http request PUT https://registry.npmjs.org/Node-js
36 http 400 https://registry.npmjs.org/Node-js
37 verbose headers { 'content-type': 'application/json',
37 verbose headers   'cache-control': 'max-age=300',
37 verbose headers   'content-length': '51',
37 verbose headers   'accept-ranges': 'bytes',
37 verbose headers   date: 'Sun, 26 Feb 2017 00:43:52 GMT',
37 verbose headers   via: '1.1 varnish',
37 verbose headers   connection: 'keep-alive',
37 verbose headers   'x-served-by': 'cache-iad2144-IAD',
37 verbose headers   'x-cache': 'MISS',
37 verbose headers   'x-cache-hits': '0',
37 verbose headers   'x-timer': 'S1488069832.162022,VS0,VE643',
37 verbose headers   vary: 'Accept-Encoding' }
38 verbose request invalidating C:\Users\Anish\AppData\Roaming\npm-cache\registry.npmjs.org\Node-js on PUT
39 error publish Failed PUT 400
40 verbose stack Error: "Node-js" is invalid for new packages : Node-js
40 verbose stack     at makeError (C:\Program Files\nodejs\node_modules\npm\node_modules\npm-registry-client\lib\request.js:302:12)
40 verbose stack     at CachingRegistryClient.<anonymous> (C:\Program Files\nodejs\node_modules\npm\node_modules\npm-registry-client\lib\request.js:290:14)
40 verbose stack     at Request._callback (C:\Program Files\nodejs\node_modules\npm\node_modules\npm-registry-client\lib\request.js:210:14)
40 verbose stack     at Request.self.callback (C:\Program Files\nodejs\node_modules\npm\node_modules\request\request.js:187:22)
40 verbose stack     at emitTwo (events.js:106:13)
40 verbose stack     at Request.emit (events.js:191:7)
40 verbose stack     at Request.<anonymous> (C:\Program Files\nodejs\node_modules\npm\node_modules\request\request.js:1048:10)
40 verbose stack     at emitOne (events.js:96:13)
40 verbose stack     at Request.emit (events.js:188:7)
40 verbose stack     at IncomingMessage.<anonymous> (C:\Program Files\nodejs\node_modules\npm\node_modules\request\request.js:969:12)
41 verbose statusCode 400
42 verbose pkgid Node-js
43 verbose cwd C:\Users\Anish\Desktop\Brackets\Node-js
44 error Windows_NT 10.0.14393
45 error argv "C:\\Program Files\\nodejs\\node.exe" "C:\\Program Files\\nodejs\\node_modules\\npm\\bin\\npm-cli.js" "publish"
46 error node v6.9.5
47 error npm  v3.10.10
48 error code E400
49 error "Node-js" is invalid for new packages : Node-js
50 error If you need help, you may report this error at:
50 error     <https://github.com/npm/npm/issues>
51 verbose exit [ 1, true ]
